<?xml version="1.0" encoding="UTF-8"?>
<testng-results ignored="0" total="1" passed="1" failed="0" skipped="0">
  <reporter-output>
  </reporter-output>
  <suite started-at="2022-02-18T10:42:51 IST" name="Default suite" finished-at="2022-02-18T10:42:54 IST" duration-ms="2488">
    <groups>
    </groups>
    <test started-at="2022-02-18T10:42:51 IST" name="Default test" finished-at="2022-02-18T10:42:54 IST" duration-ms="2488">
      <class name="GetAllUsersBDDStyle">
        <test-method signature="getSingleUser()[pri:0, instance:GetAllUsersBDDStyle@2f8dad04]" started-at="2022-02-18T10:42:51 IST" name="getSingleUser" finished-at="2022-02-18T10:42:54 IST" duration-ms="2449" status="PASS">
          <reporter-output>
          </reporter-output>
        </test-method> <!-- getSingleUser -->
      </class> <!-- GetAllUsersBDDStyle -->
    </test> <!-- Default test -->
  </suite> <!-- Default suite -->
</testng-results>
